<?xml version="1.0" encoding="UTF-8"?>
<!-- Generated by org.testng.reporters.JUnitReportReporter -->
<testsuite hostname="Zebronics" failures="0" tests="1" name="tests.LoginTest" time="19.556" errors="0" timestamp="2025-05-18T08:56:22 IST" skipped="0">
  <testcase classname="tests.LoginTest" name="testValidLogin" time="19.556"/>
</testsuite> <!-- tests.LoginTest -->
